2022-12-20 16:12:445 INFO  CheckoutPage :72 - Getting Text from [[ChromeDriver: chrome on WINDOWS (e9ab9a16177e47c7bed82e1fb908eade)] -> xpath: //h1[contains(text(),'Checkout')]]
2022-12-20 16:12:648 INFO  CheckoutPage :78 - Getting New Customer text from : [[ChromeDriver: chrome on WINDOWS (e9ab9a16177e47c7bed82e1fb908eade)] -> xpath: //h2[contains(text(),'New Customer')]]
2022-12-20 16:12:666 INFO  CheckoutPage :84 - Clicking on Guest  : [[ChromeDriver: chrome on WINDOWS (e9ab9a16177e47c7bed82e1fb908eade)] -> xpath: //div[@class='panel-group']/div[1]/div[2]/div/div/div[1]/div[2]/label/input]
2022-12-20 16:12:481 INFO  CheckoutPage :84 - Clicking on Guest  : [[ChromeDriver: chrome on WINDOWS (e9ab9a16177e47c7bed82e1fb908eade)] -> xpath: //div[@class='panel-group']/div[1]/div[2]/div/div/div[1]/div[2]/label/input]
2022-12-20 17:12:963 INFO  CheckoutPage :72 - Getting Text from [[ChromeDriver: chrome on WINDOWS (6c5abbb3df60c81974b36005cf299745)] -> xpath: //h1[contains(text(),'Checkout')]]
2022-12-20 17:12:164 INFO  CheckoutPage :78 - Getting New Customer text from : [[ChromeDriver: chrome on WINDOWS (6c5abbb3df60c81974b36005cf299745)] -> xpath: //h2[contains(text(),'New Customer')]]
2022-12-20 17:12:182 INFO  CheckoutPage :84 - Clicking on Guest  : [[ChromeDriver: chrome on WINDOWS (6c5abbb3df60c81974b36005cf299745)] -> xpath: //div[@class='panel-group']/div[1]/div[2]/div/div/div[1]/div[2]/label/input]
2022-12-20 17:12:00 INFO  CheckoutPage :84 - Clicking on Guest  : [[ChromeDriver: chrome on WINDOWS (6c5abbb3df60c81974b36005cf299745)] -> xpath: //div[@class='panel-group']/div[1]/div[2]/div/div/div[1]/div[2]/label/input]
2022-12-20 17:12:985 INFO  CheckoutPage :72 - Getting Text from [[ChromeDriver: chrome on WINDOWS (c4245467e83cb573f439319d2efb0a7c)] -> xpath: //h1[contains(text(),'Checkout')]]
2022-12-20 17:12:190 INFO  CheckoutPage :78 - Getting New Customer text from : [[ChromeDriver: chrome on WINDOWS (c4245467e83cb573f439319d2efb0a7c)] -> xpath: //h2[contains(text(),'New Customer')]]
2022-12-20 17:12:206 INFO  CheckoutPage :84 - Clicking on Guest  : [[ChromeDriver: chrome on WINDOWS (c4245467e83cb573f439319d2efb0a7c)] -> xpath: //div[@class='panel-group']/div[1]/div[2]/div/div/div[1]/div[2]/label/input]
2022-12-20 17:12:910 INFO  CheckoutPage :84 - Clicking on Guest  : [[ChromeDriver: chrome on WINDOWS (c4245467e83cb573f439319d2efb0a7c)] -> xpath: //div[@class='panel-group']/div[1]/div[2]/div/div/div[1]/div[2]/label/input]
2022-12-20 17:12:281 INFO  CheckoutPage :72 - Getting Text from [[ChromeDriver: chrome on WINDOWS (c0cc5097ed54a23cb226bd9801d1da3a)] -> xpath: //h1[contains(text(),'Checkout')]]
2022-12-20 17:12:489 INFO  CheckoutPage :78 - Getting New Customer text from : [[ChromeDriver: chrome on WINDOWS (c0cc5097ed54a23cb226bd9801d1da3a)] -> xpath: //h2[contains(text(),'New Customer')]]
2022-12-20 17:12:503 INFO  CheckoutPage :84 - Clicking on Guest  : [[ChromeDriver: chrome on WINDOWS (c0cc5097ed54a23cb226bd9801d1da3a)] -> xpath: //div[@class='panel-group']/div[1]/div[2]/div/div/div[1]/div[2]/label/input]
2022-12-20 17:12:756 INFO  CheckoutPage :84 - Clicking on Guest  : [[ChromeDriver: chrome on WINDOWS (c0cc5097ed54a23cb226bd9801d1da3a)] -> xpath: //div[@class='panel-group']/div[1]/div[2]/div/div/div[1]/div[2]/label/input]
2022-12-20 17:12:118 INFO  CheckoutPage :72 - Getting Text from [[ChromeDriver: chrome on WINDOWS (05c3212c73356d0edefa51741036270b)] -> xpath: //h1[contains(text(),'Checkout')]]
2022-12-20 17:12:326 INFO  CheckoutPage :78 - Getting New Customer text from : [[ChromeDriver: chrome on WINDOWS (05c3212c73356d0edefa51741036270b)] -> xpath: //h2[contains(text(),'New Customer')]]
2022-12-20 17:12:344 INFO  CheckoutPage :84 - Clicking on Guest  : [[ChromeDriver: chrome on WINDOWS (05c3212c73356d0edefa51741036270b)] -> xpath: //div[@class='panel-group']/div[1]/div[2]/div/div/div[1]/div[2]/label/input]
2022-12-20 17:12:155 INFO  CheckoutPage :84 - Clicking on Guest  : [[ChromeDriver: chrome on WINDOWS (05c3212c73356d0edefa51741036270b)] -> xpath: //div[@class='panel-group']/div[1]/div[2]/div/div/div[1]/div[2]/label/input]
2022-12-20 17:12:502 INFO  CheckoutPage :72 - Getting Text from [[ChromeDriver: chrome on WINDOWS (63c2826635df562c5a56fce2d0e86cc3)] -> xpath: //h1[contains(text(),'Checkout')]]
2022-12-20 17:12:653 INFO  CheckoutPage :78 - Getting New Customer text from : [[ChromeDriver: chrome on WINDOWS (63c2826635df562c5a56fce2d0e86cc3)] -> xpath: //h2[contains(text(),'New Customer')]]
2022-12-20 17:12:257 INFO  CheckoutPage :72 - Getting Text from [[ChromeDriver: chrome on WINDOWS (c4b5a48267c233bb6148d28c2e755adf)] -> xpath: //h1[contains(text(),'Checkout')]]
2022-12-20 17:12:455 INFO  CheckoutPage :78 - Getting New Customer text from : [[ChromeDriver: chrome on WINDOWS (c4b5a48267c233bb6148d28c2e755adf)] -> xpath: //h2[contains(text(),'New Customer')]]
2022-12-20 17:12:397 INFO  CheckoutPage :72 - Getting Text from [[ChromeDriver: chrome on WINDOWS (faec3c3571b6c2522e97f44f93f7f924)] -> xpath: //h1[contains(text(),'Checkout')]]
2022-12-20 17:12:597 INFO  CheckoutPage :78 - Getting New Customer text from : [[ChromeDriver: chrome on WINDOWS (faec3c3571b6c2522e97f44f93f7f924)] -> xpath: //h2[contains(text(),'New Customer')]]
2022-12-20 17:12:615 INFO  CheckoutPage :84 - Clicking on Guest  : [[ChromeDriver: chrome on WINDOWS (faec3c3571b6c2522e97f44f93f7f924)] -> xpath: //div[@class='panel-group']/div[1]/div[2]/div/div/div[1]/div[2]/label/input]
2022-12-20 17:12:984 INFO  CheckoutPage :84 - Clicking on Guest  : [[ChromeDriver: chrome on WINDOWS (faec3c3571b6c2522e97f44f93f7f924)] -> xpath: //div[@class='panel-group']/div[1]/div[2]/div/div/div[1]/div[2]/label/input]
2022-12-20 17:12:99 INFO  CheckoutPage :72 - Getting Text from [[ChromeDriver: chrome on WINDOWS (125f6e102042441e81d0943a95b05c0f)] -> xpath: //h1[contains(text(),'Checkout')]]
2022-12-20 17:12:135 INFO  CheckoutPage :78 - Getting New Customer text from : [[ChromeDriver: chrome on WINDOWS (125f6e102042441e81d0943a95b05c0f)] -> xpath: //h2[contains(text(),'New Customer')]]
2022-12-20 17:12:151 INFO  CheckoutPage :84 - Clicking on Guest  : [[ChromeDriver: chrome on WINDOWS (125f6e102042441e81d0943a95b05c0f)] -> xpath: //div[@class='panel-group']/div[1]/div[2]/div/div/div[1]/div[2]/label/input]
2022-12-20 17:12:377 INFO  CheckoutPage :84 - Clicking on Guest  : [[ChromeDriver: chrome on WINDOWS (125f6e102042441e81d0943a95b05c0f)] -> xpath: //div[@class='panel-group']/div[1]/div[2]/div/div/div[1]/div[2]/label/input]
2022-12-20 17:12:752 INFO  CheckoutPage :72 - Getting Text from [[ChromeDriver: chrome on WINDOWS (9e9d9c23735d0bbb123cab13f2bbf1e9)] -> xpath: //h1[contains(text(),'Checkout')]]
2022-12-20 17:12:790 INFO  CheckoutPage :78 - Getting New Customer text from : [[ChromeDriver: chrome on WINDOWS (9e9d9c23735d0bbb123cab13f2bbf1e9)] -> xpath: //h2[contains(text(),'New Customer')]]
2022-12-20 17:12:808 INFO  CheckoutPage :84 - Clicking on Guest  : [[ChromeDriver: chrome on WINDOWS (9e9d9c23735d0bbb123cab13f2bbf1e9)] -> xpath: //div[@class='panel-group']/div[1]/div[2]/div/div/div[1]/div[2]/label/input]
2022-12-20 19:12:709 INFO  CheckoutPage :72 - Getting Text from [[ChromeDriver: chrome on WINDOWS (80f6973087a9c858005270f380d399b9)] -> xpath: //h1[contains(text(),'Checkout')]]
2022-12-20 19:12:731 INFO  CheckoutPage :78 - Getting New Customer text from : [[ChromeDriver: chrome on WINDOWS (80f6973087a9c858005270f380d399b9)] -> xpath: //h2[contains(text(),'New Customer')]]
2022-12-20 19:12:746 INFO  CheckoutPage :84 - Clicking on Guest  : [[ChromeDriver: chrome on WINDOWS (80f6973087a9c858005270f380d399b9)] -> xpath: //div[@class='panel-group']/div[1]/div[2]/div/div/div[1]/div[2]/label/input]
2022-12-20 21:12:929 INFO  CheckoutPage :67 - Hovering mouse over Desktops : [[ChromeDriver: chrome on WINDOWS (f65e6a8bd7c94c98bb6790e1c37379a3)] -> xpath: //ul[@class='nav navbar-nav']/li[1]]
2022-12-20 21:12:93 INFO  CheckoutPage :80 - Clicking over Show All Desktops : [[ChromeDriver: chrome on WINDOWS (f65e6a8bd7c94c98bb6790e1c37379a3)] -> xpath: //a[contains(text(),'Show All Desktops')]]
2022-12-20 21:12:468 INFO  CheckoutPage :43 - Selecting Z to A from Sort By : [[ChromeDriver: chrome on WINDOWS (f65e6a8bd7c94c98bb6790e1c37379a3)] -> xpath: //select[@id='input-sort']]
2022-12-20 21:12:78 INFO  CheckoutPage :67 - Hovering mouse over Desktops : [[ChromeDriver: chrome on WINDOWS (2cd3c85370e77dabef8f130b523d120a)] -> xpath: //ul[@class='nav navbar-nav']/li[1]]
2022-12-20 21:12:812 INFO  CheckoutPage :73 - Clicking over laptops and Notebooks : [[ChromeDriver: chrome on WINDOWS (4f02d3fdc8e41868fa20f8afed94c609)] -> xpath: //ul[@class='nav navbar-nav']/li[2]]
2022-12-20 21:12:322 INFO  CheckoutPage :87 - Clicking over Show All Laptops and Notebooks: [[ChromeDriver: chrome on WINDOWS (4f02d3fdc8e41868fa20f8afed94c609)] -> xpath: //a[contains(text(),'Show All Laptops & Notebooks')]]
2022-12-20 21:12:624 INFO  CheckoutPage :35 - Selecting High to Low Price from Sort By : [[ChromeDriver: chrome on WINDOWS (4f02d3fdc8e41868fa20f8afed94c609)] -> xpath: //select[@id='input-sort']]
2022-12-20 21:12:360 INFO  CheckoutPage :93 - Clicking on My Account link : [[ChromeDriver: chrome on WINDOWS (a46cac8a860231890b8a6e85cd9cb8b7)] -> xpath: //span[contains(text(),'My Account')]]
2022-12-20 21:12:386 INFO  CheckoutPage :46 - Selecting Account Option : [[ChromeDriver: chrome on WINDOWS (a46cac8a860231890b8a6e85cd9cb8b7)] -> xpath: //ul[@class='dropdown-menu dropdown-menu-right']//li]
2022-12-20 21:12:632 INFO  CheckoutPage :36 - Getting Return Customer Text : [[ChromeDriver: chrome on WINDOWS (a46cac8a860231890b8a6e85cd9cb8b7)] -> xpath: //h2[contains(text(),'Returning Customer')]]
2022-12-20 21:12:548 INFO  CheckoutPage :35 - Selecting High to Low Price from Sort By : [[ChromeDriver: chrome on WINDOWS (ff304bad3035e2f0587552f12a307221)] -> xpath: //select[@id='input-sort']]
2022-12-20 21:12:592 INFO  CheckoutPage :69 - Selecting a product : [[ChromeDriver: chrome on WINDOWS (ff304bad3035e2f0587552f12a307221)] -> xpath: //div[@id='content']/div[4]//div/child::h4/a]
2022-12-20 21:12:73 INFO  CheckoutPage :51 - Getting My Product Name : [[ChromeDriver: chrome on WINDOWS (ff304bad3035e2f0587552f12a307221)] -> xpath: (//div[@class='col-sm-4'])[2]/h1]
2022-12-20 21:12:114 INFO  CheckoutPage :100 - Clicking on Add to cart button: [[ChromeDriver: chrome on WINDOWS (ff304bad3035e2f0587552f12a307221)] -> id: button-cart]
2022-12-20 21:12:637 INFO  CheckoutPage :108 - Getting Success Text : [[ChromeDriver: chrome on WINDOWS (ff304bad3035e2f0587552f12a307221)] -> xpath: //div[@class='alert alert-success alert-dismissible']]
2022-12-20 21:12:918 INFO  CheckoutPage :116 - Clicking on Add to shopping cart button in message: [[ChromeDriver: chrome on WINDOWS (ff304bad3035e2f0587552f12a307221)] -> xpath: //a[contains(text(),'shopping cart')]]
2022-12-20 21:12:982 INFO  CheckoutPage :55 - Selecting the currency : [[ChromeDriver: chrome on WINDOWS (ff304bad3035e2f0587552f12a307221)] -> xpath: //div[@class='btn-group open']/ul/li]
2022-12-20 21:12:420 INFO  CheckoutPage :49 - Getting text : [[ChromeDriver: chrome on WINDOWS (ff304bad3035e2f0587552f12a307221)] -> xpath: //div[@class='table-responsive']/table/tbody/tr/td[2]/a]
2022-12-20 21:12:907 INFO  CheckoutPage :76 - Updating quantity : 2
2022-12-20 21:12:914 INFO  CheckoutPage :82 - Getting text : [[ChromeDriver: chrome on WINDOWS (ff304bad3035e2f0587552f12a307221)] -> xpath: //div[@class='alert alert-success alert-dismissible']]
2022-12-20 21:12:934 INFO  CheckoutPage :67 - Getting text : [[ChromeDriver: chrome on WINDOWS (ff304bad3035e2f0587552f12a307221)] -> xpath: //div[@class='table-responsive']/table/tbody/tr/td[6]]
2022-12-20 21:12:257 INFO  CheckoutPage :88 - Clicking on : [[ChromeDriver: chrome on WINDOWS (ff304bad3035e2f0587552f12a307221)] -> xpath: //a[contains(text(),'Checkout')]]
2022-12-20 21:12:274 INFO  CheckoutPage :72 - Getting Text from [[ChromeDriver: chrome on WINDOWS (ff304bad3035e2f0587552f12a307221)] -> xpath: //h1[contains(text(),'Checkout')]]
2022-12-20 21:12:308 INFO  CheckoutPage :78 - Getting New Customer text from : [[ChromeDriver: chrome on WINDOWS (ff304bad3035e2f0587552f12a307221)] -> xpath: //h2[contains(text(),'New Customer')]]
2022-12-20 21:12:349 INFO  CheckoutPage :85 - Clicking on Guest  : [[ChromeDriver: chrome on WINDOWS (ff304bad3035e2f0587552f12a307221)] -> xpath: //div[@class='panel-group']/div[1]/div[2]/div/div/div[1]/div[2]/label/input]
2022-12-20 21:12:380 INFO  CheckoutPage :91 - Clicking on continue button : [[ChromeDriver: chrome on WINDOWS (ff304bad3035e2f0587552f12a307221)] -> xpath: //input[@id='button-account']]
2022-12-20 21:12:610 INFO  CheckoutPage :98 - Entering first name : Prime
2022-12-20 21:12:660 INFO  CheckoutPage :104 - Entering last name : Testing
2022-12-20 21:12:716 INFO  CheckoutPage :110 - Entering email : [[ChromeDriver: chrome on WINDOWS (ff304bad3035e2f0587552f12a307221)] -> xpath: //input[@id='input-payment-email']]
2022-12-20 21:12:758 INFO  CheckoutPage :116 - Entering telephone number : 0123456789
2022-12-20 21:12:808 INFO  CheckoutPage :122 - Entering address : 1 London Road
2022-12-20 21:12:852 INFO  CheckoutPage :128 - Entering city name : London
2022-12-20 21:12:898 INFO  CheckoutPage :135 - Entering postcode : BB1 2B
2022-12-20 21:12:966 INFO  CheckoutPage :141 - Selecting country : [[ChromeDriver: chrome on WINDOWS (ff304bad3035e2f0587552f12a307221)] -> xpath: //select[@id='input-payment-country']]
2022-12-20 21:12:11 INFO  CheckoutPage :147 - Selecting region : [[ChromeDriver: chrome on WINDOWS (ff304bad3035e2f0587552f12a307221)] -> xpath: //select[@id='input-payment-zone']]
2022-12-20 21:12:556 INFO  CheckoutPage :154 - Clicking on continue button : [[ChromeDriver: chrome on WINDOWS (ff304bad3035e2f0587552f12a307221)] -> css selector: #button-guest]
2022-12-20 21:12:205 INFO  CheckoutPage :160 - Entering comments : Please wrap it in Red
2022-12-20 21:12:298 INFO  CheckoutPage :166 - Clicking on Term and Conditions Checkbox : [[ChromeDriver: chrome on WINDOWS (ff304bad3035e2f0587552f12a307221)] -> name: agree]
2022-12-20 21:12:335 INFO  CheckoutPage :173 - Clicking on continue button : [[ChromeDriver: chrome on WINDOWS (ff304bad3035e2f0587552f12a307221)] -> xpath: //input[@id='button-payment-method']]
2022-12-20 21:12:343 INFO  CheckoutPage :178 - Getting payment error text : [[ChromeDriver: chrome on WINDOWS (ff304bad3035e2f0587552f12a307221)] -> xpath: //input[@id='button-account']]
2022-12-20 23:12:647 INFO  HomePage :67 - Hovering mouse over Desktops : [[ChromeDriver: chrome on WINDOWS (44d0106d94bc29b104e12d17dab31dde)] -> xpath: //ul[@class='nav navbar-nav']/li[1]]
2022-12-20 23:12:813 INFO  HomePage :80 - Clicking over Show All Desktops : [[ChromeDriver: chrome on WINDOWS (44d0106d94bc29b104e12d17dab31dde)] -> xpath: //a[contains(text(),'Show All Desktops')]]
